\BOOKMARK [0][-]{chapter.1}{\376\377\0001\000\040\000R\000a\000y\000t\000r\000a\000c\000e\000r\000\040\000P\000r\000o\000j\000e\000c\000t}{}% 1
\BOOKMARK [0][-]{chapter.2}{\376\377\0002\000\040\000H\000i\000e\000r\000a\000r\000c\000h\000i\000c\000a\000l\000\040\000I\000n\000d\000e\000x}{}% 2
\BOOKMARK [1][-]{section.2.1}{\376\377\0002\000.\0001\000\040\000C\000l\000a\000s\000s\000\040\000H\000i\000e\000r\000a\000r\000c\000h\000y}{chapter.2}% 3
\BOOKMARK [0][-]{chapter.3}{\376\377\0003\000\040\000C\000l\000a\000s\000s\000\040\000I\000n\000d\000e\000x}{}% 4
\BOOKMARK [1][-]{section.3.1}{\376\377\0003\000.\0001\000\040\000C\000l\000a\000s\000s\000\040\000L\000i\000s\000t}{chapter.3}% 5
\BOOKMARK [0][-]{chapter.4}{\376\377\0004\000\040\000C\000l\000a\000s\000s\000\040\000D\000o\000c\000u\000m\000e\000n\000t\000a\000t\000i\000o\000n}{}% 6
\BOOKMARK [1][-]{section.4.1}{\376\377\0004\000.\0001\000\040\000C\000a\000m\000e\000r\000a\000\040\000C\000l\000a\000s\000s\000\040\000R\000e\000f\000e\000r\000e\000n\000c\000e}{chapter.4}% 7
\BOOKMARK [2][-]{subsection.4.1.1}{\376\377\0004\000.\0001\000.\0001\000\040\000D\000e\000t\000a\000i\000l\000e\000d\000\040\000D\000e\000s\000c\000r\000i\000p\000t\000i\000o\000n}{section.4.1}% 8
\BOOKMARK [2][-]{subsection.4.1.2}{\376\377\0004\000.\0001\000.\0002\000\040\000C\000o\000n\000s\000t\000r\000u\000c\000t\000o\000r\000\040\000\046\000\040\000D\000e\000s\000t\000r\000u\000c\000t\000o\000r\000\040\000D\000o\000c\000u\000m\000e\000n\000t\000a\000t\000i\000o\000n}{section.4.1}% 9
\BOOKMARK [3][-]{subsubsection.4.1.2.1}{\376\377\0004\000.\0001\000.\0002\000.\0001\000\040\000C\000a\000m\000e\000r\000a\000\050\000\051\000\040\000[\0001\000/\0003\000]}{subsection.4.1.2}% 10
\BOOKMARK [3][-]{subsubsection.4.1.2.2}{\376\377\0004\000.\0001\000.\0002\000.\0002\000\040\000C\000a\000m\000e\000r\000a\000\050\000\051\000\040\000[\0002\000/\0003\000]}{subsection.4.1.2}% 11
\BOOKMARK [3][-]{subsubsection.4.1.2.3}{\376\377\0004\000.\0001\000.\0002\000.\0003\000\040\000C\000a\000m\000e\000r\000a\000\050\000\051\000\040\000[\0003\000/\0003\000]}{subsection.4.1.2}% 12
\BOOKMARK [2][-]{subsection.4.1.3}{\376\377\0004\000.\0001\000.\0003\000\040\000M\000e\000m\000b\000e\000r\000\040\000F\000u\000n\000c\000t\000i\000o\000n\000\040\000D\000o\000c\000u\000m\000e\000n\000t\000a\000t\000i\000o\000n}{section.4.1}% 13
\BOOKMARK [3][-]{subsubsection.4.1.3.1}{\376\377\0004\000.\0001\000.\0003\000.\0001\000\040\000g\000e\000t\000F\000o\000v\000\050\000\051}{subsection.4.1.3}% 14
\BOOKMARK [3][-]{subsubsection.4.1.3.2}{\376\377\0004\000.\0001\000.\0003\000.\0002\000\040\000g\000e\000t\000P\000i\000x\000e\000l\000\050\000\051\000\040\000[\0001\000/\0002\000]}{subsection.4.1.3}% 15
\BOOKMARK [3][-]{subsubsection.4.1.3.3}{\376\377\0004\000.\0001\000.\0003\000.\0003\000\040\000g\000e\000t\000P\000i\000x\000e\000l\000\050\000\051\000\040\000[\0002\000/\0002\000]}{subsection.4.1.3}% 16
\BOOKMARK [3][-]{subsubsection.4.1.3.4}{\376\377\0004\000.\0001\000.\0003\000.\0004\000\040\000g\000e\000t\000P\000i\000x\000e\000l\000s\000\050\000\051}{subsection.4.1.3}% 17
\BOOKMARK [3][-]{subsubsection.4.1.3.5}{\376\377\0004\000.\0001\000.\0003\000.\0005\000\040\000g\000e\000t\000P\000o\000s\000i\000t\000i\000o\000n\000\050\000\051}{subsection.4.1.3}% 18
\BOOKMARK [3][-]{subsubsection.4.1.3.6}{\376\377\0004\000.\0001\000.\0003\000.\0006\000\040\000g\000e\000t\000R\000a\000y\000\050\000\051}{subsection.4.1.3}% 19
\BOOKMARK [3][-]{subsubsection.4.1.3.7}{\376\377\0004\000.\0001\000.\0003\000.\0007\000\040\000g\000e\000t\000R\000e\000s\000o\000l\000u\000t\000i\000o\000n\000\050\000\051}{subsection.4.1.3}% 20
\BOOKMARK [3][-]{subsubsection.4.1.3.8}{\376\377\0004\000.\0001\000.\0003\000.\0008\000\040\000g\000e\000t\000R\000o\000t\000a\000t\000i\000o\000n\000\050\000\051}{subsection.4.1.3}% 21
\BOOKMARK [3][-]{subsubsection.4.1.3.9}{\376\377\0004\000.\0001\000.\0003\000.\0009\000\040\000g\000e\000t\000T\000y\000p\000e\000\050\000\051}{subsection.4.1.3}% 22
\BOOKMARK [3][-]{subsubsection.4.1.3.10}{\376\377\0004\000.\0001\000.\0003\000.\0001\0000\000\040\000o\000p\000e\000r\000a\000t\000o\000r\000=\000\050\000\051\000\040\000[\0001\000/\0002\000]}{subsection.4.1.3}% 23
\BOOKMARK [3][-]{subsubsection.4.1.3.11}{\376\377\0004\000.\0001\000.\0003\000.\0001\0001\000\040\000o\000p\000e\000r\000a\000t\000o\000r\000=\000\050\000\051\000\040\000[\0002\000/\0002\000]}{subsection.4.1.3}% 24
\BOOKMARK [3][-]{subsubsection.4.1.3.12}{\376\377\0004\000.\0001\000.\0003\000.\0001\0002\000\040\000s\000e\000t\000F\000o\000v\000\050\000\051}{subsection.4.1.3}% 25
\BOOKMARK [3][-]{subsubsection.4.1.3.13}{\376\377\0004\000.\0001\000.\0003\000.\0001\0003\000\040\000s\000e\000t\000P\000i\000x\000e\000l\000\050\000\051\000\040\000[\0001\000/\0002\000]}{subsection.4.1.3}% 26
\BOOKMARK [3][-]{subsubsection.4.1.3.14}{\376\377\0004\000.\0001\000.\0003\000.\0001\0004\000\040\000s\000e\000t\000P\000i\000x\000e\000l\000\050\000\051\000\040\000[\0002\000/\0002\000]}{subsection.4.1.3}% 27
\BOOKMARK [3][-]{subsubsection.4.1.3.15}{\376\377\0004\000.\0001\000.\0003\000.\0001\0005\000\040\000s\000e\000t\000P\000i\000x\000e\000l\000s\000\050\000\051}{subsection.4.1.3}% 28
\BOOKMARK [3][-]{subsubsection.4.1.3.16}{\376\377\0004\000.\0001\000.\0003\000.\0001\0006\000\040\000s\000e\000t\000P\000o\000s\000i\000t\000i\000o\000n\000\050\000\051}{subsection.4.1.3}% 29
\BOOKMARK [3][-]{subsubsection.4.1.3.17}{\376\377\0004\000.\0001\000.\0003\000.\0001\0007\000\040\000s\000e\000t\000R\000e\000s\000o\000l\000u\000t\000i\000o\000n\000\050\000\051}{subsection.4.1.3}% 30
\BOOKMARK [3][-]{subsubsection.4.1.3.18}{\376\377\0004\000.\0001\000.\0003\000.\0001\0008\000\040\000s\000e\000t\000R\000o\000t\000a\000t\000i\000o\000n\000\050\000\051}{subsection.4.1.3}% 31
\BOOKMARK [1][-]{section.4.2}{\376\377\0004\000.\0002\000\040\000C\000o\000l\000o\000r\000\040\000C\000l\000a\000s\000s\000\040\000R\000e\000f\000e\000r\000e\000n\000c\000e}{chapter.4}% 32
\BOOKMARK [2][-]{subsection.4.2.1}{\376\377\0004\000.\0002\000.\0001\000\040\000D\000e\000t\000a\000i\000l\000e\000d\000\040\000D\000e\000s\000c\000r\000i\000p\000t\000i\000o\000n}{section.4.2}% 33
\BOOKMARK [2][-]{subsection.4.2.2}{\376\377\0004\000.\0002\000.\0002\000\040\000C\000o\000n\000s\000t\000r\000u\000c\000t\000o\000r\000\040\000\046\000\040\000D\000e\000s\000t\000r\000u\000c\000t\000o\000r\000\040\000D\000o\000c\000u\000m\000e\000n\000t\000a\000t\000i\000o\000n}{section.4.2}% 34
\BOOKMARK [3][-]{subsubsection.4.2.2.1}{\376\377\0004\000.\0002\000.\0002\000.\0001\000\040\000C\000o\000l\000o\000r\000\050\000\051\000\040\000[\0001\000/\0003\000]}{subsection.4.2.2}% 35
\BOOKMARK [3][-]{subsubsection.4.2.2.2}{\376\377\0004\000.\0002\000.\0002\000.\0002\000\040\000C\000o\000l\000o\000r\000\050\000\051\000\040\000[\0002\000/\0003\000]}{subsection.4.2.2}% 36
\BOOKMARK [3][-]{subsubsection.4.2.2.3}{\376\377\0004\000.\0002\000.\0002\000.\0003\000\040\000C\000o\000l\000o\000r\000\050\000\051\000\040\000[\0003\000/\0003\000]}{subsection.4.2.2}% 37
\BOOKMARK [2][-]{subsection.4.2.3}{\376\377\0004\000.\0002\000.\0003\000\040\000M\000e\000m\000b\000e\000r\000\040\000F\000u\000n\000c\000t\000i\000o\000n\000\040\000D\000o\000c\000u\000m\000e\000n\000t\000a\000t\000i\000o\000n}{section.4.2}% 38
\BOOKMARK [3][-]{subsubsection.4.2.3.1}{\376\377\0004\000.\0002\000.\0003\000.\0001\000\040\000b\000l\000e\000n\000d\000\050\000\051}{subsection.4.2.3}% 39
\BOOKMARK [3][-]{subsubsection.4.2.3.2}{\376\377\0004\000.\0002\000.\0003\000.\0002\000\040\000g\000a\000m\000m\000a\000C\000o\000r\000r\000e\000c\000t\000i\000o\000n\000\050\000\051}{subsection.4.2.3}% 40
\BOOKMARK [3][-]{subsubsection.4.2.3.3}{\376\377\0004\000.\0002\000.\0003\000.\0003\000\040\000g\000e\000t\000A\000\050\000\051}{subsection.4.2.3}% 41
\BOOKMARK [3][-]{subsubsection.4.2.3.4}{\376\377\0004\000.\0002\000.\0003\000.\0004\000\040\000g\000e\000t\000B\000\050\000\051}{subsection.4.2.3}% 42
\BOOKMARK [3][-]{subsubsection.4.2.3.5}{\376\377\0004\000.\0002\000.\0003\000.\0005\000\040\000g\000e\000t\000G\000\050\000\051}{subsection.4.2.3}% 43
\BOOKMARK [3][-]{subsubsection.4.2.3.6}{\376\377\0004\000.\0002\000.\0003\000.\0006\000\040\000g\000e\000t\000R\000\050\000\051}{subsection.4.2.3}% 44
\BOOKMARK [3][-]{subsubsection.4.2.3.7}{\376\377\0004\000.\0002\000.\0003\000.\0007\000\040\000l\000e\000r\000p\000\050\000\051}{subsection.4.2.3}% 45
\BOOKMARK [3][-]{subsubsection.4.2.3.8}{\376\377\0004\000.\0002\000.\0003\000.\0008\000\040\000m\000i\000x\000\050\000\051}{subsection.4.2.3}% 46
\BOOKMARK [3][-]{subsubsection.4.2.3.9}{\376\377\0004\000.\0002\000.\0003\000.\0009\000\040\000o\000p\000e\000r\000a\000t\000o\000r\000!\000=\000\050\000\051}{subsection.4.2.3}% 47
\BOOKMARK [3][-]{subsubsection.4.2.3.10}{\376\377\0004\000.\0002\000.\0003\000.\0001\0000\000\040\000o\000p\000e\000r\000a\000t\000o\000r\000*\000\050\000\051\000\040\000[\0001\000/\0002\000]}{subsection.4.2.3}% 48
\BOOKMARK [3][-]{subsubsection.4.2.3.11}{\376\377\0004\000.\0002\000.\0003\000.\0001\0001\000\040\000o\000p\000e\000r\000a\000t\000o\000r\000*\000\050\000\051\000\040\000[\0002\000/\0002\000]}{subsection.4.2.3}% 49
\BOOKMARK [3][-]{subsubsection.4.2.3.12}{\376\377\0004\000.\0002\000.\0003\000.\0001\0002\000\040\000o\000p\000e\000r\000a\000t\000o\000r\000*\000=\000\050\000\051\000\040\000[\0001\000/\0002\000]}{subsection.4.2.3}% 50
\BOOKMARK [3][-]{subsubsection.4.2.3.13}{\376\377\0004\000.\0002\000.\0003\000.\0001\0003\000\040\000o\000p\000e\000r\000a\000t\000o\000r\000*\000=\000\050\000\051\000\040\000[\0002\000/\0002\000]}{subsection.4.2.3}% 51
\BOOKMARK [3][-]{subsubsection.4.2.3.14}{\376\377\0004\000.\0002\000.\0003\000.\0001\0004\000\040\000o\000p\000e\000r\000a\000t\000o\000r\000+\000\050\000\051\000\040\000[\0001\000/\0002\000]}{subsection.4.2.3}% 52
\BOOKMARK [3][-]{subsubsection.4.2.3.15}{\376\377\0004\000.\0002\000.\0003\000.\0001\0005\000\040\000o\000p\000e\000r\000a\000t\000o\000r\000+\000\050\000\051\000\040\000[\0002\000/\0002\000]}{subsection.4.2.3}% 53
\BOOKMARK [3][-]{subsubsection.4.2.3.16}{\376\377\0004\000.\0002\000.\0003\000.\0001\0006\000\040\000o\000p\000e\000r\000a\000t\000o\000r\000+\000=\000\050\000\051\000\040\000[\0001\000/\0002\000]}{subsection.4.2.3}% 54
\BOOKMARK [3][-]{subsubsection.4.2.3.17}{\376\377\0004\000.\0002\000.\0003\000.\0001\0007\000\040\000o\000p\000e\000r\000a\000t\000o\000r\000+\000=\000\050\000\051\000\040\000[\0002\000/\0002\000]}{subsection.4.2.3}% 55
\BOOKMARK [3][-]{subsubsection.4.2.3.18}{\376\377\0004\000.\0002\000.\0003\000.\0001\0008\000\040\000o\000p\000e\000r\000a\000t\000o\000r\000-\000\050\000\051\000\040\000[\0001\000/\0002\000]}{subsection.4.2.3}% 56
\BOOKMARK [3][-]{subsubsection.4.2.3.19}{\376\377\0004\000.\0002\000.\0003\000.\0001\0009\000\040\000o\000p\000e\000r\000a\000t\000o\000r\000-\000\050\000\051\000\040\000[\0002\000/\0002\000]}{subsection.4.2.3}% 57
\BOOKMARK [3][-]{subsubsection.4.2.3.20}{\376\377\0004\000.\0002\000.\0003\000.\0002\0000\000\040\000o\000p\000e\000r\000a\000t\000o\000r\000-\000=\000\050\000\051\000\040\000[\0001\000/\0002\000]}{subsection.4.2.3}% 58
\BOOKMARK [3][-]{subsubsection.4.2.3.21}{\376\377\0004\000.\0002\000.\0003\000.\0002\0001\000\040\000o\000p\000e\000r\000a\000t\000o\000r\000-\000=\000\050\000\051\000\040\000[\0002\000/\0002\000]}{subsection.4.2.3}% 59
\BOOKMARK [3][-]{subsubsection.4.2.3.22}{\376\377\0004\000.\0002\000.\0003\000.\0002\0002\000\040\000o\000p\000e\000r\000a\000t\000o\000r\000/\000\050\000\051\000\040\000[\0001\000/\0002\000]}{subsection.4.2.3}% 60
\BOOKMARK [3][-]{subsubsection.4.2.3.23}{\376\377\0004\000.\0002\000.\0003\000.\0002\0003\000\040\000o\000p\000e\000r\000a\000t\000o\000r\000/\000\050\000\051\000\040\000[\0002\000/\0002\000]}{subsection.4.2.3}% 61
\BOOKMARK [3][-]{subsubsection.4.2.3.24}{\376\377\0004\000.\0002\000.\0003\000.\0002\0004\000\040\000o\000p\000e\000r\000a\000t\000o\000r\000/\000=\000\050\000\051\000\040\000[\0001\000/\0002\000]}{subsection.4.2.3}% 62
\BOOKMARK [3][-]{subsubsection.4.2.3.25}{\376\377\0004\000.\0002\000.\0003\000.\0002\0005\000\040\000o\000p\000e\000r\000a\000t\000o\000r\000/\000=\000\050\000\051\000\040\000[\0002\000/\0002\000]}{subsection.4.2.3}% 63
\BOOKMARK [3][-]{subsubsection.4.2.3.26}{\376\377\0004\000.\0002\000.\0003\000.\0002\0006\000\040\000o\000p\000e\000r\000a\000t\000o\000r\000<\000<\000\050\000\051}{subsection.4.2.3}% 64
\BOOKMARK [3][-]{subsubsection.4.2.3.27}{\376\377\0004\000.\0002\000.\0003\000.\0002\0007\000\040\000o\000p\000e\000r\000a\000t\000o\000r\000=\000\050\000\051\000\040\000[\0001\000/\0002\000]}{subsection.4.2.3}% 65
\BOOKMARK [3][-]{subsubsection.4.2.3.28}{\376\377\0004\000.\0002\000.\0003\000.\0002\0008\000\040\000o\000p\000e\000r\000a\000t\000o\000r\000=\000\050\000\051\000\040\000[\0002\000/\0002\000]}{subsection.4.2.3}% 66
\BOOKMARK [3][-]{subsubsection.4.2.3.29}{\376\377\0004\000.\0002\000.\0003\000.\0002\0009\000\040\000o\000p\000e\000r\000a\000t\000o\000r\000=\000=\000\050\000\051}{subsection.4.2.3}% 67
\BOOKMARK [3][-]{subsubsection.4.2.3.30}{\376\377\0004\000.\0002\000.\0003\000.\0003\0000\000\040\000s\000e\000t\000A\000\050\000\051}{subsection.4.2.3}% 68
\BOOKMARK [3][-]{subsubsection.4.2.3.31}{\376\377\0004\000.\0002\000.\0003\000.\0003\0001\000\040\000s\000e\000t\000B\000\050\000\051}{subsection.4.2.3}% 69
\BOOKMARK [3][-]{subsubsection.4.2.3.32}{\376\377\0004\000.\0002\000.\0003\000.\0003\0002\000\040\000s\000e\000t\000G\000\050\000\051}{subsection.4.2.3}% 70
\BOOKMARK [3][-]{subsubsection.4.2.3.33}{\376\377\0004\000.\0002\000.\0003\000.\0003\0003\000\040\000s\000e\000t\000R\000\050\000\051}{subsection.4.2.3}% 71
\BOOKMARK [1][-]{section.4.3}{\376\377\0004\000.\0003\000\040\000C\000o\000n\000e\000\040\000C\000l\000a\000s\000s\000\040\000R\000e\000f\000e\000r\000e\000n\000c\000e}{chapter.4}% 72
\BOOKMARK [2][-]{subsection.4.3.1}{\376\377\0004\000.\0003\000.\0001\000\040\000D\000e\000t\000a\000i\000l\000e\000d\000\040\000D\000e\000s\000c\000r\000i\000p\000t\000i\000o\000n}{section.4.3}% 73
\BOOKMARK [2][-]{subsection.4.3.2}{\376\377\0004\000.\0003\000.\0002\000\040\000C\000o\000n\000s\000t\000r\000u\000c\000t\000o\000r\000\040\000\046\000\040\000D\000e\000s\000t\000r\000u\000c\000t\000o\000r\000\040\000D\000o\000c\000u\000m\000e\000n\000t\000a\000t\000i\000o\000n}{section.4.3}% 74
\BOOKMARK [3][-]{subsubsection.4.3.2.1}{\376\377\0004\000.\0003\000.\0002\000.\0001\000\040\000C\000o\000n\000e\000\050\000\051\000\040\000[\0001\000/\0003\000]}{subsection.4.3.2}% 75
\BOOKMARK [3][-]{subsubsection.4.3.2.2}{\376\377\0004\000.\0003\000.\0002\000.\0002\000\040\000C\000o\000n\000e\000\050\000\051\000\040\000[\0002\000/\0003\000]}{subsection.4.3.2}% 76
\BOOKMARK [3][-]{subsubsection.4.3.2.3}{\376\377\0004\000.\0003\000.\0002\000.\0003\000\040\000C\000o\000n\000e\000\050\000\051\000\040\000[\0003\000/\0003\000]}{subsection.4.3.2}% 77
\BOOKMARK [2][-]{subsection.4.3.3}{\376\377\0004\000.\0003\000.\0003\000\040\000M\000e\000m\000b\000e\000r\000\040\000F\000u\000n\000c\000t\000i\000o\000n\000\040\000D\000o\000c\000u\000m\000e\000n\000t\000a\000t\000i\000o\000n}{section.4.3}% 78
\BOOKMARK [3][-]{subsubsection.4.3.3.1}{\376\377\0004\000.\0003\000.\0003\000.\0001\000\040\000g\000e\000t\000C\000o\000l\000o\000r\000\050\000\051}{subsection.4.3.3}% 79
\BOOKMARK [3][-]{subsubsection.4.3.3.2}{\376\377\0004\000.\0003\000.\0003\000.\0002\000\040\000g\000e\000t\000D\000i\000r\000e\000c\000t\000i\000o\000n\000\050\000\051}{subsection.4.3.3}% 80
\BOOKMARK [3][-]{subsubsection.4.3.3.3}{\376\377\0004\000.\0003\000.\0003\000.\0003\000\040\000g\000e\000t\000H\000e\000i\000g\000h\000t\000\050\000\051}{subsection.4.3.3}% 81
\BOOKMARK [3][-]{subsubsection.4.3.3.4}{\376\377\0004\000.\0003\000.\0003\000.\0004\000\040\000g\000e\000t\000N\000o\000r\000m\000a\000l\000\050\000\051}{subsection.4.3.3}% 82
\BOOKMARK [3][-]{subsubsection.4.3.3.5}{\376\377\0004\000.\0003\000.\0003\000.\0005\000\040\000g\000e\000t\000P\000o\000s\000i\000t\000i\000o\000n\000\050\000\051}{subsection.4.3.3}% 83
\BOOKMARK [3][-]{subsubsection.4.3.3.6}{\376\377\0004\000.\0003\000.\0003\000.\0006\000\040\000g\000e\000t\000R\000a\000d\000i\000u\000s\000\050\000\051}{subsection.4.3.3}% 84
\BOOKMARK [3][-]{subsubsection.4.3.3.7}{\376\377\0004\000.\0003\000.\0003\000.\0007\000\040\000i\000n\000t\000e\000r\000s\000e\000c\000t\000\050\000\051}{subsection.4.3.3}% 85
\BOOKMARK [3][-]{subsubsection.4.3.3.8}{\376\377\0004\000.\0003\000.\0003\000.\0008\000\040\000n\000o\000r\000m\000a\000l\000i\000z\000e\000\050\000\051}{subsection.4.3.3}% 86
\BOOKMARK [3][-]{subsubsection.4.3.3.9}{\376\377\0004\000.\0003\000.\0003\000.\0009\000\040\000o\000p\000e\000r\000a\000t\000o\000r\000=\000\050\000\051\000\040\000[\0001\000/\0002\000]}{subsection.4.3.3}% 87
\BOOKMARK [3][-]{subsubsection.4.3.3.10}{\376\377\0004\000.\0003\000.\0003\000.\0001\0000\000\040\000o\000p\000e\000r\000a\000t\000o\000r\000=\000\050\000\051\000\040\000[\0002\000/\0002\000]}{subsection.4.3.3}% 88
\BOOKMARK [3][-]{subsubsection.4.3.3.11}{\376\377\0004\000.\0003\000.\0003\000.\0001\0001\000\040\000s\000e\000t\000D\000i\000r\000e\000c\000t\000i\000o\000n\000\050\000\051}{subsection.4.3.3}% 89
\BOOKMARK [3][-]{subsubsection.4.3.3.12}{\376\377\0004\000.\0003\000.\0003\000.\0001\0002\000\040\000s\000e\000t\000H\000e\000i\000g\000h\000t\000\050\000\051}{subsection.4.3.3}% 90
\BOOKMARK [3][-]{subsubsection.4.3.3.13}{\376\377\0004\000.\0003\000.\0003\000.\0001\0003\000\040\000s\000e\000t\000P\000o\000s\000i\000t\000i\000o\000n\000\050\000\051}{subsection.4.3.3}% 91
\BOOKMARK [3][-]{subsubsection.4.3.3.14}{\376\377\0004\000.\0003\000.\0003\000.\0001\0004\000\040\000s\000e\000t\000R\000a\000d\000i\000u\000s\000\050\000\051}{subsection.4.3.3}% 92
\BOOKMARK [1][-]{section.4.4}{\376\377\0004\000.\0004\000\040\000C\000o\000n\000f\000i\000g\000\040\000C\000l\000a\000s\000s\000\040\000R\000e\000f\000e\000r\000e\000n\000c\000e}{chapter.4}% 93
\BOOKMARK [2][-]{subsection.4.4.1}{\376\377\0004\000.\0004\000.\0001\000\040\000D\000e\000t\000a\000i\000l\000e\000d\000\040\000D\000e\000s\000c\000r\000i\000p\000t\000i\000o\000n}{section.4.4}% 94
\BOOKMARK [2][-]{subsection.4.4.2}{\376\377\0004\000.\0004\000.\0002\000\040\000C\000o\000n\000s\000t\000r\000u\000c\000t\000o\000r\000\040\000\046\000\040\000D\000e\000s\000t\000r\000u\000c\000t\000o\000r\000\040\000D\000o\000c\000u\000m\000e\000n\000t\000a\000t\000i\000o\000n}{section.4.4}% 95
\BOOKMARK [3][-]{subsubsection.4.4.2.1}{\376\377\0004\000.\0004\000.\0002\000.\0001\000\040\000C\000o\000n\000f\000i\000g\000\050\000\051}{subsection.4.4.2}% 96
\BOOKMARK [2][-]{subsection.4.4.3}{\376\377\0004\000.\0004\000.\0003\000\040\000M\000e\000m\000b\000e\000r\000\040\000F\000u\000n\000c\000t\000i\000o\000n\000\040\000D\000o\000c\000u\000m\000e\000n\000t\000a\000t\000i\000o\000n}{section.4.4}% 97
\BOOKMARK [3][-]{subsubsection.4.4.3.1}{\376\377\0004\000.\0004\000.\0003\000.\0001\000\040\000g\000e\000t\000R\000a\000y\000S\000e\000t\000t\000i\000n\000g\000\050\000\051\000\040\000[\0001\000/\0002\000]}{subsection.4.4.3}% 98
\BOOKMARK [3][-]{subsubsection.4.4.3.2}{\376\377\0004\000.\0004\000.\0003\000.\0002\000\040\000g\000e\000t\000R\000a\000y\000S\000e\000t\000t\000i\000n\000g\000\050\000\051\000\040\000[\0002\000/\0002\000]}{subsection.4.4.3}% 99
\BOOKMARK [1][-]{section.4.5}{\376\377\0004\000.\0005\000\040\000C\000o\000r\000e\000\040\000C\000l\000a\000s\000s\000\040\000R\000e\000f\000e\000r\000e\000n\000c\000e}{chapter.4}% 100
\BOOKMARK [2][-]{subsection.4.5.1}{\376\377\0004\000.\0005\000.\0001\000\040\000D\000e\000t\000a\000i\000l\000e\000d\000\040\000D\000e\000s\000c\000r\000i\000p\000t\000i\000o\000n}{section.4.5}% 101
\BOOKMARK [2][-]{subsection.4.5.2}{\376\377\0004\000.\0005\000.\0002\000\040\000C\000o\000n\000s\000t\000r\000u\000c\000t\000o\000r\000\040\000\046\000\040\000D\000e\000s\000t\000r\000u\000c\000t\000o\000r\000\040\000D\000o\000c\000u\000m\000e\000n\000t\000a\000t\000i\000o\000n}{section.4.5}% 102
\BOOKMARK [3][-]{subsubsection.4.5.2.1}{\376\377\0004\000.\0005\000.\0002\000.\0001\000\040\000C\000o\000r\000e\000\050\000\051}{subsection.4.5.2}% 103
\BOOKMARK [1][-]{section.4.6}{\376\377\0004\000.\0006\000\040\000C\000y\000l\000i\000n\000d\000e\000r\000\040\000C\000l\000a\000s\000s\000\040\000R\000e\000f\000e\000r\000e\000n\000c\000e}{chapter.4}% 104
\BOOKMARK [2][-]{subsection.4.6.1}{\376\377\0004\000.\0006\000.\0001\000\040\000D\000e\000t\000a\000i\000l\000e\000d\000\040\000D\000e\000s\000c\000r\000i\000p\000t\000i\000o\000n}{section.4.6}% 105
\BOOKMARK [2][-]{subsection.4.6.2}{\376\377\0004\000.\0006\000.\0002\000\040\000C\000o\000n\000s\000t\000r\000u\000c\000t\000o\000r\000\040\000\046\000\040\000D\000e\000s\000t\000r\000u\000c\000t\000o\000r\000\040\000D\000o\000c\000u\000m\000e\000n\000t\000a\000t\000i\000o\000n}{section.4.6}% 106
\BOOKMARK [3][-]{subsubsection.4.6.2.1}{\376\377\0004\000.\0006\000.\0002\000.\0001\000\040\000C\000y\000l\000i\000n\000d\000e\000r\000\050\000\051\000\040\000[\0001\000/\0003\000]}{subsection.4.6.2}% 107
\BOOKMARK [3][-]{subsubsection.4.6.2.2}{\376\377\0004\000.\0006\000.\0002\000.\0002\000\040\000C\000y\000l\000i\000n\000d\000e\000r\000\050\000\051\000\040\000[\0002\000/\0003\000]}{subsection.4.6.2}% 108
\BOOKMARK [3][-]{subsubsection.4.6.2.3}{\376\377\0004\000.\0006\000.\0002\000.\0003\000\040\000C\000y\000l\000i\000n\000d\000e\000r\000\050\000\051\000\040\000[\0003\000/\0003\000]}{subsection.4.6.2}% 109
\BOOKMARK [2][-]{subsection.4.6.3}{\376\377\0004\000.\0006\000.\0003\000\040\000M\000e\000m\000b\000e\000r\000\040\000F\000u\000n\000c\000t\000i\000o\000n\000\040\000D\000o\000c\000u\000m\000e\000n\000t\000a\000t\000i\000o\000n}{section.4.6}% 110
\BOOKMARK [3][-]{subsubsection.4.6.3.1}{\376\377\0004\000.\0006\000.\0003\000.\0001\000\040\000g\000e\000t\000C\000o\000l\000o\000r\000\050\000\051}{subsection.4.6.3}% 111
\BOOKMARK [3][-]{subsubsection.4.6.3.2}{\376\377\0004\000.\0006\000.\0003\000.\0002\000\040\000g\000e\000t\000H\000e\000i\000g\000h\000t\000\050\000\051}{subsection.4.6.3}% 112
\BOOKMARK [3][-]{subsubsection.4.6.3.3}{\376\377\0004\000.\0006\000.\0003\000.\0003\000\040\000g\000e\000t\000N\000o\000r\000m\000a\000l\000\050\000\051}{subsection.4.6.3}% 113
\BOOKMARK [3][-]{subsubsection.4.6.3.4}{\376\377\0004\000.\0006\000.\0003\000.\0004\000\040\000g\000e\000t\000P\000o\000s\000i\000t\000i\000o\000n\000\050\000\051}{subsection.4.6.3}% 114
\BOOKMARK [3][-]{subsubsection.4.6.3.5}{\376\377\0004\000.\0006\000.\0003\000.\0005\000\040\000g\000e\000t\000R\000a\000d\000i\000u\000s\000\050\000\051}{subsection.4.6.3}% 115
\BOOKMARK [3][-]{subsubsection.4.6.3.6}{\376\377\0004\000.\0006\000.\0003\000.\0006\000\040\000i\000n\000t\000e\000r\000s\000e\000c\000t\000\050\000\051}{subsection.4.6.3}% 116
\BOOKMARK [3][-]{subsubsection.4.6.3.7}{\376\377\0004\000.\0006\000.\0003\000.\0007\000\040\000n\000o\000r\000m\000a\000l\000i\000z\000e\000\050\000\051}{subsection.4.6.3}% 117
\BOOKMARK [3][-]{subsubsection.4.6.3.8}{\376\377\0004\000.\0006\000.\0003\000.\0008\000\040\000o\000p\000e\000r\000a\000t\000o\000r\000=\000\050\000\051\000\040\000[\0001\000/\0002\000]}{subsection.4.6.3}% 118
\BOOKMARK [3][-]{subsubsection.4.6.3.9}{\376\377\0004\000.\0006\000.\0003\000.\0009\000\040\000o\000p\000e\000r\000a\000t\000o\000r\000=\000\050\000\051\000\040\000[\0002\000/\0002\000]}{subsection.4.6.3}% 119
\BOOKMARK [3][-]{subsubsection.4.6.3.10}{\376\377\0004\000.\0006\000.\0003\000.\0001\0000\000\040\000s\000e\000t\000C\000o\000l\000o\000r\000\050\000\051}{subsection.4.6.3}% 120
\BOOKMARK [3][-]{subsubsection.4.6.3.11}{\376\377\0004\000.\0006\000.\0003\000.\0001\0001\000\040\000s\000e\000t\000H\000e\000i\000g\000h\000t\000\050\000\051}{subsection.4.6.3}% 121
\BOOKMARK [3][-]{subsubsection.4.6.3.12}{\376\377\0004\000.\0006\000.\0003\000.\0001\0002\000\040\000s\000e\000t\000P\000o\000s\000i\000t\000i\000o\000n\000\050\000\051}{subsection.4.6.3}% 122
\BOOKMARK [3][-]{subsubsection.4.6.3.13}{\376\377\0004\000.\0006\000.\0003\000.\0001\0003\000\040\000s\000e\000t\000R\000a\000d\000i\000u\000s\000\050\000\051}{subsection.4.6.3}% 123
\BOOKMARK [1][-]{section.4.7}{\376\377\0004\000.\0007\000\040\000I\000m\000a\000g\000e\000P\000P\000M\000\040\000C\000l\000a\000s\000s\000\040\000R\000e\000f\000e\000r\000e\000n\000c\000e}{chapter.4}% 124
\BOOKMARK [2][-]{subsection.4.7.1}{\376\377\0004\000.\0007\000.\0001\000\040\000D\000e\000t\000a\000i\000l\000e\000d\000\040\000D\000e\000s\000c\000r\000i\000p\000t\000i\000o\000n}{section.4.7}% 125
\BOOKMARK [2][-]{subsection.4.7.2}{\376\377\0004\000.\0007\000.\0002\000\040\000C\000o\000n\000s\000t\000r\000u\000c\000t\000o\000r\000\040\000\046\000\040\000D\000e\000s\000t\000r\000u\000c\000t\000o\000r\000\040\000D\000o\000c\000u\000m\000e\000n\000t\000a\000t\000i\000o\000n}{section.4.7}% 126
\BOOKMARK [3][-]{subsubsection.4.7.2.1}{\376\377\0004\000.\0007\000.\0002\000.\0001\000\040\000I\000m\000a\000g\000e\000P\000P\000M\000\050\000\051\000\040\000[\0001\000/\0003\000]}{subsection.4.7.2}% 127
\BOOKMARK [3][-]{subsubsection.4.7.2.2}{\376\377\0004\000.\0007\000.\0002\000.\0002\000\040\000I\000m\000a\000g\000e\000P\000P\000M\000\050\000\051\000\040\000[\0002\000/\0003\000]}{subsection.4.7.2}% 128
\BOOKMARK [3][-]{subsubsection.4.7.2.3}{\376\377\0004\000.\0007\000.\0002\000.\0003\000\040\000I\000m\000a\000g\000e\000P\000P\000M\000\050\000\051\000\040\000[\0003\000/\0003\000]}{subsection.4.7.2}% 129
\BOOKMARK [2][-]{subsection.4.7.3}{\376\377\0004\000.\0007\000.\0003\000\040\000M\000e\000m\000b\000e\000r\000\040\000F\000u\000n\000c\000t\000i\000o\000n\000\040\000D\000o\000c\000u\000m\000e\000n\000t\000a\000t\000i\000o\000n}{section.4.7}% 130
\BOOKMARK [3][-]{subsubsection.4.7.3.1}{\376\377\0004\000.\0007\000.\0003\000.\0001\000\040\000c\000r\000e\000a\000t\000e\000I\000m\000a\000g\000e\000\050\000\051}{subsection.4.7.3}% 131
\BOOKMARK [3][-]{subsubsection.4.7.3.2}{\376\377\0004\000.\0007\000.\0003\000.\0002\000\040\000g\000e\000t\000H\000e\000i\000g\000h\000t\000\050\000\051}{subsection.4.7.3}% 132
\BOOKMARK [3][-]{subsubsection.4.7.3.3}{\376\377\0004\000.\0007\000.\0003\000.\0003\000\040\000g\000e\000t\000P\000i\000x\000e\000l\000\050\000\051\000\040\000[\0001\000/\0002\000]}{subsection.4.7.3}% 133
\BOOKMARK [3][-]{subsubsection.4.7.3.4}{\376\377\0004\000.\0007\000.\0003\000.\0004\000\040\000g\000e\000t\000P\000i\000x\000e\000l\000\050\000\051\000\040\000[\0002\000/\0002\000]}{subsection.4.7.3}% 134
\BOOKMARK [3][-]{subsubsection.4.7.3.5}{\376\377\0004\000.\0007\000.\0003\000.\0005\000\040\000g\000e\000t\000P\000i\000x\000e\000l\000s\000\050\000\051}{subsection.4.7.3}% 135
\BOOKMARK [3][-]{subsubsection.4.7.3.6}{\376\377\0004\000.\0007\000.\0003\000.\0006\000\040\000g\000e\000t\000W\000i\000d\000t\000h\000\050\000\051}{subsection.4.7.3}% 136
\BOOKMARK [3][-]{subsubsection.4.7.3.7}{\376\377\0004\000.\0007\000.\0003\000.\0007\000\040\000o\000p\000e\000r\000a\000t\000o\000r\000=\000\050\000\051\000\040\000[\0001\000/\0002\000]}{subsection.4.7.3}% 137
\BOOKMARK [3][-]{subsubsection.4.7.3.8}{\376\377\0004\000.\0007\000.\0003\000.\0008\000\040\000o\000p\000e\000r\000a\000t\000o\000r\000=\000\050\000\051\000\040\000[\0002\000/\0002\000]}{subsection.4.7.3}% 138
\BOOKMARK [3][-]{subsubsection.4.7.3.9}{\376\377\0004\000.\0007\000.\0003\000.\0009\000\040\000s\000e\000t\000H\000e\000i\000g\000h\000t\000\050\000\051}{subsection.4.7.3}% 139
\BOOKMARK [3][-]{subsubsection.4.7.3.10}{\376\377\0004\000.\0007\000.\0003\000.\0001\0000\000\040\000s\000e\000t\000P\000i\000x\000e\000l\000\050\000\051\000\040\000[\0001\000/\0002\000]}{subsection.4.7.3}% 140
\BOOKMARK [3][-]{subsubsection.4.7.3.11}{\376\377\0004\000.\0007\000.\0003\000.\0001\0001\000\040\000s\000e\000t\000P\000i\000x\000e\000l\000\050\000\051\000\040\000[\0002\000/\0002\000]}{subsection.4.7.3}% 141
\BOOKMARK [3][-]{subsubsection.4.7.3.12}{\376\377\0004\000.\0007\000.\0003\000.\0001\0002\000\040\000s\000e\000t\000P\000i\000x\000e\000l\000s\000\050\000\051}{subsection.4.7.3}% 142
\BOOKMARK [3][-]{subsubsection.4.7.3.13}{\376\377\0004\000.\0007\000.\0003\000.\0001\0003\000\040\000s\000e\000t\000S\000i\000z\000e\000\050\000\051}{subsection.4.7.3}% 143
\BOOKMARK [3][-]{subsubsection.4.7.3.14}{\376\377\0004\000.\0007\000.\0003\000.\0001\0004\000\040\000s\000e\000t\000W\000i\000d\000t\000h\000\050\000\051}{subsection.4.7.3}% 144
\BOOKMARK [1][-]{section.4.8}{\376\377\0004\000.\0008\000\040\000I\000p\000r\000i\000m\000i\000t\000i\000v\000e\000s\000\040\000C\000l\000a\000s\000s\000\040\000R\000e\000f\000e\000r\000e\000n\000c\000e}{chapter.4}% 145
\BOOKMARK [2][-]{subsection.4.8.1}{\376\377\0004\000.\0008\000.\0001\000\040\000D\000e\000t\000a\000i\000l\000e\000d\000\040\000D\000e\000s\000c\000r\000i\000p\000t\000i\000o\000n}{section.4.8}% 146
\BOOKMARK [2][-]{subsection.4.8.2}{\376\377\0004\000.\0008\000.\0002\000\040\000M\000e\000m\000b\000e\000r\000\040\000F\000u\000n\000c\000t\000i\000o\000n\000\040\000D\000o\000c\000u\000m\000e\000n\000t\000a\000t\000i\000o\000n}{section.4.8}% 147
\BOOKMARK [3][-]{subsubsection.4.8.2.1}{\376\377\0004\000.\0008\000.\0002\000.\0001\000\040\000g\000e\000t\000C\000o\000l\000o\000r\000\050\000\051}{subsection.4.8.2}% 148
\BOOKMARK [3][-]{subsubsection.4.8.2.2}{\376\377\0004\000.\0008\000.\0002\000.\0002\000\040\000g\000e\000t\000N\000o\000r\000m\000a\000l\000\050\000\051}{subsection.4.8.2}% 149
\BOOKMARK [3][-]{subsubsection.4.8.2.3}{\376\377\0004\000.\0008\000.\0002\000.\0003\000\040\000i\000n\000t\000e\000r\000s\000e\000c\000t\000\050\000\051}{subsection.4.8.2}% 150
\BOOKMARK [3][-]{subsubsection.4.8.2.4}{\376\377\0004\000.\0008\000.\0002\000.\0004\000\040\000n\000o\000r\000m\000a\000l\000i\000z\000e\000\050\000\051}{subsection.4.8.2}% 151
\BOOKMARK [1][-]{section.4.9}{\376\377\0004\000.\0009\000\040\000L\000i\000g\000h\000t\000\040\000C\000l\000a\000s\000s\000\040\000R\000e\000f\000e\000r\000e\000n\000c\000e}{chapter.4}% 152
\BOOKMARK [2][-]{subsection.4.9.1}{\376\377\0004\000.\0009\000.\0001\000\040\000D\000e\000t\000a\000i\000l\000e\000d\000\040\000D\000e\000s\000c\000r\000i\000p\000t\000i\000o\000n}{section.4.9}% 153
\BOOKMARK [2][-]{subsection.4.9.2}{\376\377\0004\000.\0009\000.\0002\000\040\000C\000o\000n\000s\000t\000r\000u\000c\000t\000o\000r\000\040\000\046\000\040\000D\000e\000s\000t\000r\000u\000c\000t\000o\000r\000\040\000D\000o\000c\000u\000m\000e\000n\000t\000a\000t\000i\000o\000n}{section.4.9}% 154
\BOOKMARK [3][-]{subsubsection.4.9.2.1}{\376\377\0004\000.\0009\000.\0002\000.\0001\000\040\000L\000i\000g\000h\000t\000\050\000\051\000\040\000[\0001\000/\0003\000]}{subsection.4.9.2}% 155
\BOOKMARK [3][-]{subsubsection.4.9.2.2}{\376\377\0004\000.\0009\000.\0002\000.\0002\000\040\000L\000i\000g\000h\000t\000\050\000\051\000\040\000[\0002\000/\0003\000]}{subsection.4.9.2}% 156
\BOOKMARK [3][-]{subsubsection.4.9.2.3}{\376\377\0004\000.\0009\000.\0002\000.\0003\000\040\000L\000i\000g\000h\000t\000\050\000\051\000\040\000[\0003\000/\0003\000]}{subsection.4.9.2}% 157
\BOOKMARK [2][-]{subsection.4.9.3}{\376\377\0004\000.\0009\000.\0003\000\040\000M\000e\000m\000b\000e\000r\000\040\000F\000u\000n\000c\000t\000i\000o\000n\000\040\000D\000o\000c\000u\000m\000e\000n\000t\000a\000t\000i\000o\000n}{section.4.9}% 158
\BOOKMARK [3][-]{subsubsection.4.9.3.1}{\376\377\0004\000.\0009\000.\0003\000.\0001\000\040\000a\000d\000d\000D\000i\000r\000e\000c\000t\000i\000o\000n\000a\000l\000L\000i\000g\000h\000t\000\050\000\051}{subsection.4.9.3}% 159
\BOOKMARK [3][-]{subsubsection.4.9.3.2}{\376\377\0004\000.\0009\000.\0003\000.\0002\000\040\000a\000d\000d\000P\000o\000i\000n\000t\000L\000i\000g\000h\000t\000\050\000\051}{subsection.4.9.3}% 160
\BOOKMARK [3][-]{subsubsection.4.9.3.3}{\376\377\0004\000.\0009\000.\0003\000.\0003\000\040\000g\000e\000t\000A\000m\000b\000i\000e\000n\000t\000\050\000\051}{subsection.4.9.3}% 161
\BOOKMARK [3][-]{subsubsection.4.9.3.4}{\376\377\0004\000.\0009\000.\0003\000.\0004\000\040\000g\000e\000t\000C\000o\000l\000o\000r\000\050\000\051}{subsection.4.9.3}% 162
\BOOKMARK [3][-]{subsubsection.4.9.3.5}{\376\377\0004\000.\0009\000.\0003\000.\0005\000\040\000g\000e\000t\000D\000i\000f\000f\000u\000s\000e\000\050\000\051}{subsection.4.9.3}% 163
\BOOKMARK [3][-]{subsubsection.4.9.3.6}{\376\377\0004\000.\0009\000.\0003\000.\0006\000\040\000g\000e\000t\000D\000i\000r\000e\000c\000t\000i\000o\000n\000a\000l\000L\000i\000g\000h\000t\000s\000\050\000\051}{subsection.4.9.3}% 164
\BOOKMARK [3][-]{subsubsection.4.9.3.7}{\376\377\0004\000.\0009\000.\0003\000.\0007\000\040\000g\000e\000t\000P\000o\000i\000n\000t\000L\000i\000g\000h\000t\000s\000\050\000\051}{subsection.4.9.3}% 165
\BOOKMARK [3][-]{subsubsection.4.9.3.8}{\376\377\0004\000.\0009\000.\0003\000.\0008\000\040\000g\000e\000t\000T\000y\000p\000e\000\050\000\051}{subsection.4.9.3}% 166
\BOOKMARK [3][-]{subsubsection.4.9.3.9}{\376\377\0004\000.\0009\000.\0003\000.\0009\000\040\000o\000p\000e\000r\000a\000t\000o\000r\000!\000=\000\050\000\051}{subsection.4.9.3}% 167
\BOOKMARK [3][-]{subsubsection.4.9.3.10}{\376\377\0004\000.\0009\000.\0003\000.\0001\0000\000\040\000o\000p\000e\000r\000a\000t\000o\000r\000+\000\050\000\051}{subsection.4.9.3}% 168
\BOOKMARK [3][-]{subsubsection.4.9.3.11}{\376\377\0004\000.\0009\000.\0003\000.\0001\0001\000\040\000o\000p\000e\000r\000a\000t\000o\000r\000+\000=\000\050\000\051}{subsection.4.9.3}% 169
\BOOKMARK [3][-]{subsubsection.4.9.3.12}{\376\377\0004\000.\0009\000.\0003\000.\0001\0002\000\040\000o\000p\000e\000r\000a\000t\000o\000r\000-\000\050\000\051}{subsection.4.9.3}% 170
\BOOKMARK [3][-]{subsubsection.4.9.3.13}{\376\377\0004\000.\0009\000.\0003\000.\0001\0003\000\040\000o\000p\000e\000r\000a\000t\000o\000r\000-\000=\000\050\000\051}{subsection.4.9.3}% 171
\BOOKMARK [3][-]{subsubsection.4.9.3.14}{\376\377\0004\000.\0009\000.\0003\000.\0001\0004\000\040\000o\000p\000e\000r\000a\000t\000o\000r\000=\000\050\000\051\000\040\000[\0001\000/\0002\000]}{subsection.4.9.3}% 172
\BOOKMARK [3][-]{subsubsection.4.9.3.15}{\376\377\0004\000.\0009\000.\0003\000.\0001\0005\000\040\000o\000p\000e\000r\000a\000t\000o\000r\000=\000\050\000\051\000\040\000[\0002\000/\0002\000]}{subsection.4.9.3}% 173
\BOOKMARK [3][-]{subsubsection.4.9.3.16}{\376\377\0004\000.\0009\000.\0003\000.\0001\0006\000\040\000o\000p\000e\000r\000a\000t\000o\000r\000=\000=\000\050\000\051}{subsection.4.9.3}% 174
\BOOKMARK [3][-]{subsubsection.4.9.3.17}{\376\377\0004\000.\0009\000.\0003\000.\0001\0007\000\040\000s\000e\000t\000A\000m\000b\000i\000e\000n\000t\000\050\000\051}{subsection.4.9.3}% 175
\BOOKMARK [3][-]{subsubsection.4.9.3.18}{\376\377\0004\000.\0009\000.\0003\000.\0001\0008\000\040\000s\000e\000t\000D\000i\000f\000f\000u\000s\000e\000\050\000\051}{subsection.4.9.3}% 176
\BOOKMARK [3][-]{subsubsection.4.9.3.19}{\376\377\0004\000.\0009\000.\0003\000.\0001\0009\000\040\000s\000e\000t\000D\000i\000r\000e\000c\000t\000i\000o\000n\000a\000l\000L\000i\000g\000h\000t\000s\000\050\000\051}{subsection.4.9.3}% 177
\BOOKMARK [3][-]{subsubsection.4.9.3.20}{\376\377\0004\000.\0009\000.\0003\000.\0002\0000\000\040\000s\000e\000t\000P\000o\000i\000n\000t\000L\000i\000g\000h\000t\000s\000\050\000\051}{subsection.4.9.3}% 178
\BOOKMARK [1][-]{section.4.10}{\376\377\0004\000.\0001\0000\000\040\000P\000l\000a\000n\000e\000\040\000C\000l\000a\000s\000s\000\040\000R\000e\000f\000e\000r\000e\000n\000c\000e}{chapter.4}% 179
\BOOKMARK [2][-]{subsection.4.10.1}{\376\377\0004\000.\0001\0000\000.\0001\000\040\000D\000e\000t\000a\000i\000l\000e\000d\000\040\000D\000e\000s\000c\000r\000i\000p\000t\000i\000o\000n}{section.4.10}% 180
\BOOKMARK [2][-]{subsection.4.10.2}{\376\377\0004\000.\0001\0000\000.\0002\000\040\000C\000o\000n\000s\000t\000r\000u\000c\000t\000o\000r\000\040\000\046\000\040\000D\000e\000s\000t\000r\000u\000c\000t\000o\000r\000\040\000D\000o\000c\000u\000m\000e\000n\000t\000a\000t\000i\000o\000n}{section.4.10}% 181
\BOOKMARK [3][-]{subsubsection.4.10.2.1}{\376\377\0004\000.\0001\0000\000.\0002\000.\0001\000\040\000P\000l\000a\000n\000e\000\050\000\051\000\040\000[\0001\000/\0003\000]}{subsection.4.10.2}% 182
\BOOKMARK [3][-]{subsubsection.4.10.2.2}{\376\377\0004\000.\0001\0000\000.\0002\000.\0002\000\040\000P\000l\000a\000n\000e\000\050\000\051\000\040\000[\0002\000/\0003\000]}{subsection.4.10.2}% 183
\BOOKMARK [3][-]{subsubsection.4.10.2.3}{\376\377\0004\000.\0001\0000\000.\0002\000.\0003\000\040\000P\000l\000a\000n\000e\000\050\000\051\000\040\000[\0003\000/\0003\000]}{subsection.4.10.2}% 184
\BOOKMARK [2][-]{subsection.4.10.3}{\376\377\0004\000.\0001\0000\000.\0003\000\040\000M\000e\000m\000b\000e\000r\000\040\000F\000u\000n\000c\000t\000i\000o\000n\000\040\000D\000o\000c\000u\000m\000e\000n\000t\000a\000t\000i\000o\000n}{section.4.10}% 185
\BOOKMARK [3][-]{subsubsection.4.10.3.1}{\376\377\0004\000.\0001\0000\000.\0003\000.\0001\000\040\000g\000e\000t\000A\000x\000i\000s\000\050\000\051}{subsection.4.10.3}% 186
\BOOKMARK [3][-]{subsubsection.4.10.3.2}{\376\377\0004\000.\0001\0000\000.\0003\000.\0002\000\040\000g\000e\000t\000C\000o\000l\000o\000r\000\050\000\051}{subsection.4.10.3}% 187
\BOOKMARK [3][-]{subsubsection.4.10.3.3}{\376\377\0004\000.\0001\0000\000.\0003\000.\0003\000\040\000g\000e\000t\000N\000o\000r\000m\000a\000l\000\050\000\051}{subsection.4.10.3}% 188
\BOOKMARK [3][-]{subsubsection.4.10.3.4}{\376\377\0004\000.\0001\0000\000.\0003\000.\0004\000\040\000g\000e\000t\000P\000o\000s\000i\000t\000i\000o\000n\000\050\000\051}{subsection.4.10.3}% 189
\BOOKMARK [3][-]{subsubsection.4.10.3.5}{\376\377\0004\000.\0001\0000\000.\0003\000.\0005\000\040\000i\000n\000t\000e\000r\000s\000e\000c\000t\000\050\000\051}{subsection.4.10.3}% 190
\BOOKMARK [3][-]{subsubsection.4.10.3.6}{\376\377\0004\000.\0001\0000\000.\0003\000.\0006\000\040\000n\000o\000r\000m\000a\000l\000i\000z\000e\000\050\000\051}{subsection.4.10.3}% 191
\BOOKMARK [3][-]{subsubsection.4.10.3.7}{\376\377\0004\000.\0001\0000\000.\0003\000.\0007\000\040\000o\000p\000e\000r\000a\000t\000o\000r\000=\000\050\000\051\000\040\000[\0001\000/\0002\000]}{subsection.4.10.3}% 192
\BOOKMARK [3][-]{subsubsection.4.10.3.8}{\376\377\0004\000.\0001\0000\000.\0003\000.\0008\000\040\000o\000p\000e\000r\000a\000t\000o\000r\000=\000\050\000\051\000\040\000[\0002\000/\0002\000]}{subsection.4.10.3}% 193
\BOOKMARK [3][-]{subsubsection.4.10.3.9}{\376\377\0004\000.\0001\0000\000.\0003\000.\0009\000\040\000s\000e\000t\000A\000x\000i\000s\000\050\000\051}{subsection.4.10.3}% 194
\BOOKMARK [3][-]{subsubsection.4.10.3.10}{\376\377\0004\000.\0001\0000\000.\0003\000.\0001\0000\000\040\000s\000e\000t\000C\000o\000l\000o\000r\000\050\000\051}{subsection.4.10.3}% 195
\BOOKMARK [3][-]{subsubsection.4.10.3.11}{\376\377\0004\000.\0001\0000\000.\0003\000.\0001\0001\000\040\000s\000e\000t\000P\000o\000s\000i\000t\000i\000o\000n\000\050\000\051}{subsection.4.10.3}% 196
\BOOKMARK [1][-]{section.4.11}{\376\377\0004\000.\0001\0001\000\040\000R\000a\000y\000\040\000C\000l\000a\000s\000s\000\040\000R\000e\000f\000e\000r\000e\000n\000c\000e}{chapter.4}% 197
\BOOKMARK [2][-]{subsection.4.11.1}{\376\377\0004\000.\0001\0001\000.\0001\000\040\000D\000e\000t\000a\000i\000l\000e\000d\000\040\000D\000e\000s\000c\000r\000i\000p\000t\000i\000o\000n}{section.4.11}% 198
\BOOKMARK [2][-]{subsection.4.11.2}{\376\377\0004\000.\0001\0001\000.\0002\000\040\000C\000o\000n\000s\000t\000r\000u\000c\000t\000o\000r\000\040\000\046\000\040\000D\000e\000s\000t\000r\000u\000c\000t\000o\000r\000\040\000D\000o\000c\000u\000m\000e\000n\000t\000a\000t\000i\000o\000n}{section.4.11}% 199
\BOOKMARK [3][-]{subsubsection.4.11.2.1}{\376\377\0004\000.\0001\0001\000.\0002\000.\0001\000\040\000R\000a\000y\000\050\000\051\000\040\000[\0001\000/\0003\000]}{subsection.4.11.2}% 200
\BOOKMARK [3][-]{subsubsection.4.11.2.2}{\376\377\0004\000.\0001\0001\000.\0002\000.\0002\000\040\000R\000a\000y\000\050\000\051\000\040\000[\0002\000/\0003\000]}{subsection.4.11.2}% 201
\BOOKMARK [3][-]{subsubsection.4.11.2.3}{\376\377\0004\000.\0001\0001\000.\0002\000.\0003\000\040\000R\000a\000y\000\050\000\051\000\040\000[\0003\000/\0003\000]}{subsection.4.11.2}% 202
\BOOKMARK [2][-]{subsection.4.11.3}{\376\377\0004\000.\0001\0001\000.\0003\000\040\000M\000e\000m\000b\000e\000r\000\040\000F\000u\000n\000c\000t\000i\000o\000n\000\040\000D\000o\000c\000u\000m\000e\000n\000t\000a\000t\000i\000o\000n}{section.4.11}% 203
\BOOKMARK [3][-]{subsubsection.4.11.3.1}{\376\377\0004\000.\0001\0001\000.\0003\000.\0001\000\040\000g\000e\000t\000D\000i\000r\000e\000c\000t\000i\000o\000n\000\050\000\051}{subsection.4.11.3}% 204
\BOOKMARK [3][-]{subsubsection.4.11.3.2}{\376\377\0004\000.\0001\0001\000.\0003\000.\0002\000\040\000g\000e\000t\000O\000r\000i\000g\000i\000n\000\050\000\051}{subsection.4.11.3}% 205
\BOOKMARK [3][-]{subsubsection.4.11.3.3}{\376\377\0004\000.\0001\0001\000.\0003\000.\0003\000\040\000o\000p\000e\000r\000a\000t\000o\000r\000=\000\050\000\051\000\040\000[\0001\000/\0002\000]}{subsection.4.11.3}% 206
\BOOKMARK [3][-]{subsubsection.4.11.3.4}{\376\377\0004\000.\0001\0001\000.\0003\000.\0004\000\040\000o\000p\000e\000r\000a\000t\000o\000r\000=\000\050\000\051\000\040\000[\0002\000/\0002\000]}{subsection.4.11.3}% 207
\BOOKMARK [3][-]{subsubsection.4.11.3.5}{\376\377\0004\000.\0001\0001\000.\0003\000.\0005\000\040\000s\000e\000t\000D\000i\000r\000e\000c\000t\000i\000o\000n\000\050\000\051}{subsection.4.11.3}% 208
\BOOKMARK [3][-]{subsubsection.4.11.3.6}{\376\377\0004\000.\0001\0001\000.\0003\000.\0006\000\040\000s\000e\000t\000O\000r\000i\000g\000i\000n\000\050\000\051}{subsection.4.11.3}% 209
\BOOKMARK [1][-]{section.4.12}{\376\377\0004\000.\0001\0002\000\040\000R\000a\000y\000S\000e\000t\000t\000i\000n\000g\000\040\000C\000l\000a\000s\000s\000\040\000R\000e\000f\000e\000r\000e\000n\000c\000e}{chapter.4}% 210
\BOOKMARK [2][-]{subsection.4.12.1}{\376\377\0004\000.\0001\0002\000.\0001\000\040\000D\000e\000t\000a\000i\000l\000e\000d\000\040\000D\000e\000s\000c\000r\000i\000p\000t\000i\000o\000n}{section.4.12}% 211
\BOOKMARK [2][-]{subsection.4.12.2}{\376\377\0004\000.\0001\0002\000.\0002\000\040\000M\000e\000m\000b\000e\000r\000\040\000F\000u\000n\000c\000t\000i\000o\000n\000\040\000D\000o\000c\000u\000m\000e\000n\000t\000a\000t\000i\000o\000n}{section.4.12}% 212
\BOOKMARK [3][-]{subsubsection.4.12.2.1}{\376\377\0004\000.\0001\0002\000.\0002\000.\0001\000\040\000g\000e\000t\000T\000y\000p\000e\000\050\000\051}{subsection.4.12.2}% 213
\BOOKMARK [1][-]{section.4.13}{\376\377\0004\000.\0001\0003\000\040\000S\000c\000e\000n\000e\000\040\000C\000l\000a\000s\000s\000\040\000R\000e\000f\000e\000r\000e\000n\000c\000e}{chapter.4}% 214
\BOOKMARK [2][-]{subsection.4.13.1}{\376\377\0004\000.\0001\0003\000.\0001\000\040\000D\000e\000t\000a\000i\000l\000e\000d\000\040\000D\000e\000s\000c\000r\000i\000p\000t\000i\000o\000n}{section.4.13}% 215
\BOOKMARK [2][-]{subsection.4.13.2}{\376\377\0004\000.\0001\0003\000.\0002\000\040\000C\000o\000n\000s\000t\000r\000u\000c\000t\000o\000r\000\040\000\046\000\040\000D\000e\000s\000t\000r\000u\000c\000t\000o\000r\000\040\000D\000o\000c\000u\000m\000e\000n\000t\000a\000t\000i\000o\000n}{section.4.13}% 216
\BOOKMARK [3][-]{subsubsection.4.13.2.1}{\376\377\0004\000.\0001\0003\000.\0002\000.\0001\000\040\000S\000c\000e\000n\000e\000\050\000\051\000\040\000[\0001\000/\0002\000]}{subsection.4.13.2}% 217
\BOOKMARK [3][-]{subsubsection.4.13.2.2}{\376\377\0004\000.\0001\0003\000.\0002\000.\0002\000\040\000S\000c\000e\000n\000e\000\050\000\051\000\040\000[\0002\000/\0002\000]}{subsection.4.13.2}% 218
\BOOKMARK [2][-]{subsection.4.13.3}{\376\377\0004\000.\0001\0003\000.\0003\000\040\000M\000e\000m\000b\000e\000r\000\040\000F\000u\000n\000c\000t\000i\000o\000n\000\040\000D\000o\000c\000u\000m\000e\000n\000t\000a\000t\000i\000o\000n}{section.4.13}% 219
\BOOKMARK [3][-]{subsubsection.4.13.3.1}{\376\377\0004\000.\0001\0003\000.\0003\000.\0001\000\040\000a\000d\000d\000P\000r\000i\000m\000i\000t\000i\000v\000e\000\050\000\051}{subsection.4.13.3}% 220
\BOOKMARK [3][-]{subsubsection.4.13.3.2}{\376\377\0004\000.\0001\0003\000.\0003\000.\0002\000\040\000g\000e\000t\000C\000a\000m\000e\000r\000a\000\050\000\051}{subsection.4.13.3}% 221
\BOOKMARK [3][-]{subsubsection.4.13.3.3}{\376\377\0004\000.\0001\0003\000.\0003\000.\0003\000\040\000g\000e\000t\000I\000p\000r\000i\000m\000i\000t\000i\000v\000e\000s\000\050\000\051}{subsection.4.13.3}% 222
\BOOKMARK [3][-]{subsubsection.4.13.3.4}{\376\377\0004\000.\0001\0003\000.\0003\000.\0004\000\040\000g\000e\000t\000L\000i\000g\000h\000t\000\050\000\051}{subsection.4.13.3}% 223
\BOOKMARK [3][-]{subsubsection.4.13.3.5}{\376\377\0004\000.\0001\0003\000.\0003\000.\0005\000\040\000i\000n\000t\000e\000r\000s\000e\000c\000t\000\050\000\051\000\040\000[\0001\000/\0002\000]}{subsection.4.13.3}% 224
\BOOKMARK [3][-]{subsubsection.4.13.3.6}{\376\377\0004\000.\0001\0003\000.\0003\000.\0006\000\040\000i\000n\000t\000e\000r\000s\000e\000c\000t\000\050\000\051\000\040\000[\0002\000/\0002\000]}{subsection.4.13.3}% 225
\BOOKMARK [3][-]{subsubsection.4.13.3.7}{\376\377\0004\000.\0001\0003\000.\0003\000.\0007\000\040\000o\000p\000e\000r\000a\000t\000o\000r\000=\000\050\000\051\000\040\000[\0001\000/\0002\000]}{subsection.4.13.3}% 226
\BOOKMARK [3][-]{subsubsection.4.13.3.8}{\376\377\0004\000.\0001\0003\000.\0003\000.\0008\000\040\000o\000p\000e\000r\000a\000t\000o\000r\000=\000\050\000\051\000\040\000[\0002\000/\0002\000]}{subsection.4.13.3}% 227
\BOOKMARK [3][-]{subsubsection.4.13.3.9}{\376\377\0004\000.\0001\0003\000.\0003\000.\0009\000\040\000p\000u\000t\000R\000e\000n\000d\000e\000r\000i\000n\000g\000\050\000\051}{subsection.4.13.3}% 228
\BOOKMARK [3][-]{subsubsection.4.13.3.10}{\376\377\0004\000.\0001\0003\000.\0003\000.\0001\0000\000\040\000r\000e\000n\000d\000e\000r\000\050\000\051}{subsection.4.13.3}% 229
\BOOKMARK [3][-]{subsubsection.4.13.3.11}{\376\377\0004\000.\0001\0003\000.\0003\000.\0001\0001\000\040\000s\000e\000t\000C\000a\000m\000e\000r\000a\000\050\000\051}{subsection.4.13.3}% 230
\BOOKMARK [3][-]{subsubsection.4.13.3.12}{\376\377\0004\000.\0001\0003\000.\0003\000.\0001\0002\000\040\000s\000e\000t\000I\000p\000r\000i\000m\000i\000t\000i\000v\000e\000s\000\050\000\051}{subsection.4.13.3}% 231
\BOOKMARK [3][-]{subsubsection.4.13.3.13}{\376\377\0004\000.\0001\0003\000.\0003\000.\0001\0003\000\040\000s\000e\000t\000L\000i\000g\000h\000t\000\050\000\051}{subsection.4.13.3}% 232
\BOOKMARK [3][-]{subsubsection.4.13.3.14}{\376\377\0004\000.\0001\0003\000.\0003\000.\0001\0004\000\040\000t\000r\000a\000c\000e\000\050\000\051}{subsection.4.13.3}% 233
\BOOKMARK [1][-]{section.4.14}{\376\377\0004\000.\0001\0004\000\040\000S\000p\000h\000e\000r\000e\000\040\000C\000l\000a\000s\000s\000\040\000R\000e\000f\000e\000r\000e\000n\000c\000e}{chapter.4}% 234
\BOOKMARK [2][-]{subsection.4.14.1}{\376\377\0004\000.\0001\0004\000.\0001\000\040\000D\000e\000t\000a\000i\000l\000e\000d\000\040\000D\000e\000s\000c\000r\000i\000p\000t\000i\000o\000n}{section.4.14}% 235
\BOOKMARK [2][-]{subsection.4.14.2}{\376\377\0004\000.\0001\0004\000.\0002\000\040\000C\000o\000n\000s\000t\000r\000u\000c\000t\000o\000r\000\040\000\046\000\040\000D\000e\000s\000t\000r\000u\000c\000t\000o\000r\000\040\000D\000o\000c\000u\000m\000e\000n\000t\000a\000t\000i\000o\000n}{section.4.14}% 236
\BOOKMARK [3][-]{subsubsection.4.14.2.1}{\376\377\0004\000.\0001\0004\000.\0002\000.\0001\000\040\000S\000p\000h\000e\000r\000e\000\050\000\051\000\040\000[\0001\000/\0003\000]}{subsection.4.14.2}% 237
\BOOKMARK [3][-]{subsubsection.4.14.2.2}{\376\377\0004\000.\0001\0004\000.\0002\000.\0002\000\040\000S\000p\000h\000e\000r\000e\000\050\000\051\000\040\000[\0002\000/\0003\000]}{subsection.4.14.2}% 238
\BOOKMARK [3][-]{subsubsection.4.14.2.3}{\376\377\0004\000.\0001\0004\000.\0002\000.\0003\000\040\000S\000p\000h\000e\000r\000e\000\050\000\051\000\040\000[\0003\000/\0003\000]}{subsection.4.14.2}% 239
\BOOKMARK [2][-]{subsection.4.14.3}{\376\377\0004\000.\0001\0004\000.\0003\000\040\000M\000e\000m\000b\000e\000r\000\040\000F\000u\000n\000c\000t\000i\000o\000n\000\040\000D\000o\000c\000u\000m\000e\000n\000t\000a\000t\000i\000o\000n}{section.4.14}% 240
\BOOKMARK [3][-]{subsubsection.4.14.3.1}{\376\377\0004\000.\0001\0004\000.\0003\000.\0001\000\040\000g\000e\000t\000C\000e\000n\000t\000e\000r\000\050\000\051}{subsection.4.14.3}% 241
\BOOKMARK [3][-]{subsubsection.4.14.3.2}{\376\377\0004\000.\0001\0004\000.\0003\000.\0002\000\040\000g\000e\000t\000C\000o\000l\000o\000r\000\050\000\051}{subsection.4.14.3}% 242
\BOOKMARK [3][-]{subsubsection.4.14.3.3}{\376\377\0004\000.\0001\0004\000.\0003\000.\0003\000\040\000g\000e\000t\000N\000o\000r\000m\000a\000l\000\050\000\051}{subsection.4.14.3}% 243
\BOOKMARK [3][-]{subsubsection.4.14.3.4}{\376\377\0004\000.\0001\0004\000.\0003\000.\0004\000\040\000g\000e\000t\000R\000a\000d\000i\000u\000s\000\050\000\051}{subsection.4.14.3}% 244
\BOOKMARK [3][-]{subsubsection.4.14.3.5}{\376\377\0004\000.\0001\0004\000.\0003\000.\0005\000\040\000i\000n\000t\000e\000r\000s\000e\000c\000t\000\050\000\051}{subsection.4.14.3}% 245
\BOOKMARK [3][-]{subsubsection.4.14.3.6}{\376\377\0004\000.\0001\0004\000.\0003\000.\0006\000\040\000n\000o\000r\000m\000a\000l\000i\000z\000e\000\050\000\051}{subsection.4.14.3}% 246
\BOOKMARK [3][-]{subsubsection.4.14.3.7}{\376\377\0004\000.\0001\0004\000.\0003\000.\0007\000\040\000o\000p\000e\000r\000a\000t\000o\000r\000=\000\050\000\051\000\040\000[\0001\000/\0002\000]}{subsection.4.14.3}% 247
\BOOKMARK [3][-]{subsubsection.4.14.3.8}{\376\377\0004\000.\0001\0004\000.\0003\000.\0008\000\040\000o\000p\000e\000r\000a\000t\000o\000r\000=\000\050\000\051\000\040\000[\0002\000/\0002\000]}{subsection.4.14.3}% 248
\BOOKMARK [3][-]{subsubsection.4.14.3.9}{\376\377\0004\000.\0001\0004\000.\0003\000.\0009\000\040\000s\000e\000t\000C\000e\000n\000t\000e\000r\000\050\000\051}{subsection.4.14.3}% 249
\BOOKMARK [3][-]{subsubsection.4.14.3.10}{\376\377\0004\000.\0001\0004\000.\0003\000.\0001\0000\000\040\000s\000e\000t\000R\000a\000d\000i\000u\000s\000\050\000\051}{subsection.4.14.3}% 250
\BOOKMARK [1][-]{section.4.15}{\376\377\0004\000.\0001\0005\000\040\000V\000e\000c\000t\000o\000r\0003\000D\000\040\000C\000l\000a\000s\000s\000\040\000R\000e\000f\000e\000r\000e\000n\000c\000e}{chapter.4}% 251
\BOOKMARK [2][-]{subsection.4.15.1}{\376\377\0004\000.\0001\0005\000.\0001\000\040\000D\000e\000t\000a\000i\000l\000e\000d\000\040\000D\000e\000s\000c\000r\000i\000p\000t\000i\000o\000n}{section.4.15}% 252
\BOOKMARK [2][-]{subsection.4.15.2}{\376\377\0004\000.\0001\0005\000.\0002\000\040\000C\000o\000n\000s\000t\000r\000u\000c\000t\000o\000r\000\040\000\046\000\040\000D\000e\000s\000t\000r\000u\000c\000t\000o\000r\000\040\000D\000o\000c\000u\000m\000e\000n\000t\000a\000t\000i\000o\000n}{section.4.15}% 253
\BOOKMARK [3][-]{subsubsection.4.15.2.1}{\376\377\0004\000.\0001\0005\000.\0002\000.\0001\000\040\000V\000e\000c\000t\000o\000r\0003\000D\000\050\000\051\000\040\000[\0001\000/\0003\000]}{subsection.4.15.2}% 254
\BOOKMARK [3][-]{subsubsection.4.15.2.2}{\376\377\0004\000.\0001\0005\000.\0002\000.\0002\000\040\000V\000e\000c\000t\000o\000r\0003\000D\000\050\000\051\000\040\000[\0002\000/\0003\000]}{subsection.4.15.2}% 255
\BOOKMARK [3][-]{subsubsection.4.15.2.3}{\376\377\0004\000.\0001\0005\000.\0002\000.\0003\000\040\000V\000e\000c\000t\000o\000r\0003\000D\000\050\000\051\000\040\000[\0003\000/\0003\000]}{subsection.4.15.2}% 256
\BOOKMARK [2][-]{subsection.4.15.3}{\376\377\0004\000.\0001\0005\000.\0003\000\040\000M\000e\000m\000b\000e\000r\000\040\000F\000u\000n\000c\000t\000i\000o\000n\000\040\000D\000o\000c\000u\000m\000e\000n\000t\000a\000t\000i\000o\000n}{section.4.15}% 257
\BOOKMARK [3][-]{subsubsection.4.15.3.1}{\376\377\0004\000.\0001\0005\000.\0003\000.\0001\000\040\000a\000n\000g\000l\000e\000\050\000\051}{subsection.4.15.3}% 258
\BOOKMARK [3][-]{subsubsection.4.15.3.2}{\376\377\0004\000.\0001\0005\000.\0003\000.\0002\000\040\000c\000l\000a\000m\000p\000\050\000\051}{subsection.4.15.3}% 259
\BOOKMARK [3][-]{subsubsection.4.15.3.3}{\376\377\0004\000.\0001\0005\000.\0003\000.\0003\000\040\000c\000r\000o\000s\000s\000\050\000\051}{subsection.4.15.3}% 260
\BOOKMARK [3][-]{subsubsection.4.15.3.4}{\376\377\0004\000.\0001\0005\000.\0003\000.\0004\000\040\000d\000i\000s\000t\000a\000n\000c\000e\000\050\000\051}{subsection.4.15.3}% 261
\BOOKMARK [3][-]{subsubsection.4.15.3.5}{\376\377\0004\000.\0001\0005\000.\0003\000.\0005\000\040\000d\000i\000v\000i\000s\000i\000o\000n\000\050\000\051}{subsection.4.15.3}% 262
\BOOKMARK [3][-]{subsubsection.4.15.3.6}{\376\377\0004\000.\0001\0005\000.\0003\000.\0006\000\040\000d\000o\000t\000\050\000\051}{subsection.4.15.3}% 263
\BOOKMARK [3][-]{subsubsection.4.15.3.7}{\376\377\0004\000.\0001\0005\000.\0003\000.\0007\000\040\000g\000e\000t\000V\000e\000c\000t\000o\000r\000\050\000\051}{subsection.4.15.3}% 264
\BOOKMARK [3][-]{subsubsection.4.15.3.8}{\376\377\0004\000.\0001\0005\000.\0003\000.\0008\000\040\000g\000e\000t\000X\000\050\000\051}{subsection.4.15.3}% 265
\BOOKMARK [3][-]{subsubsection.4.15.3.9}{\376\377\0004\000.\0001\0005\000.\0003\000.\0009\000\040\000g\000e\000t\000Y\000\050\000\051}{subsection.4.15.3}% 266
\BOOKMARK [3][-]{subsubsection.4.15.3.10}{\376\377\0004\000.\0001\0005\000.\0003\000.\0001\0000\000\040\000g\000e\000t\000Z\000\050\000\051}{subsection.4.15.3}% 267
\BOOKMARK [3][-]{subsubsection.4.15.3.11}{\376\377\0004\000.\0001\0005\000.\0003\000.\0001\0001\000\040\000l\000e\000n\000g\000t\000h\000\050\000\051}{subsection.4.15.3}% 268
\BOOKMARK [3][-]{subsubsection.4.15.3.12}{\376\377\0004\000.\0001\0005\000.\0003\000.\0001\0002\000\040\000l\000e\000r\000p\000\050\000\051}{subsection.4.15.3}% 269
\BOOKMARK [3][-]{subsubsection.4.15.3.13}{\376\377\0004\000.\0001\0005\000.\0003\000.\0001\0003\000\040\000m\000a\000g\000n\000i\000t\000u\000d\000e\000\050\000\051}{subsection.4.15.3}% 270
\BOOKMARK [3][-]{subsubsection.4.15.3.14}{\376\377\0004\000.\0001\0005\000.\0003\000.\0001\0004\000\040\000m\000a\000x\000\050\000\051}{subsection.4.15.3}% 271
\BOOKMARK [3][-]{subsubsection.4.15.3.15}{\376\377\0004\000.\0001\0005\000.\0003\000.\0001\0005\000\040\000m\000i\000n\000\050\000\051}{subsection.4.15.3}% 272
\BOOKMARK [3][-]{subsubsection.4.15.3.16}{\376\377\0004\000.\0001\0005\000.\0003\000.\0001\0006\000\040\000n\000o\000r\000m\000a\000l\000i\000z\000e\000\050\000\051}{subsection.4.15.3}% 273
\BOOKMARK [3][-]{subsubsection.4.15.3.17}{\376\377\0004\000.\0001\0005\000.\0003\000.\0001\0007\000\040\000o\000p\000e\000r\000a\000t\000o\000r\000!\000=\000\050\000\051}{subsection.4.15.3}% 274
\BOOKMARK [3][-]{subsubsection.4.15.3.18}{\376\377\0004\000.\0001\0005\000.\0003\000.\0001\0008\000\040\000o\000p\000e\000r\000a\000t\000o\000r\000*\000\050\000\051\000\040\000[\0001\000/\0002\000]}{subsection.4.15.3}% 275
\BOOKMARK [3][-]{subsubsection.4.15.3.19}{\376\377\0004\000.\0001\0005\000.\0003\000.\0001\0009\000\040\000o\000p\000e\000r\000a\000t\000o\000r\000*\000\050\000\051\000\040\000[\0002\000/\0002\000]}{subsection.4.15.3}% 276
\BOOKMARK [3][-]{subsubsection.4.15.3.20}{\376\377\0004\000.\0001\0005\000.\0003\000.\0002\0000\000\040\000o\000p\000e\000r\000a\000t\000o\000r\000*\000=\000\050\000\051\000\040\000[\0001\000/\0002\000]}{subsection.4.15.3}% 277
\BOOKMARK [3][-]{subsubsection.4.15.3.21}{\376\377\0004\000.\0001\0005\000.\0003\000.\0002\0001\000\040\000o\000p\000e\000r\000a\000t\000o\000r\000*\000=\000\050\000\051\000\040\000[\0002\000/\0002\000]}{subsection.4.15.3}% 278
\BOOKMARK [3][-]{subsubsection.4.15.3.22}{\376\377\0004\000.\0001\0005\000.\0003\000.\0002\0002\000\040\000o\000p\000e\000r\000a\000t\000o\000r\000+\000\050\000\051\000\040\000[\0001\000/\0002\000]}{subsection.4.15.3}% 279
\BOOKMARK [3][-]{subsubsection.4.15.3.23}{\376\377\0004\000.\0001\0005\000.\0003\000.\0002\0003\000\040\000o\000p\000e\000r\000a\000t\000o\000r\000+\000\050\000\051\000\040\000[\0002\000/\0002\000]}{subsection.4.15.3}% 280
\BOOKMARK [3][-]{subsubsection.4.15.3.24}{\376\377\0004\000.\0001\0005\000.\0003\000.\0002\0004\000\040\000o\000p\000e\000r\000a\000t\000o\000r\000+\000=\000\050\000\051\000\040\000[\0001\000/\0002\000]}{subsection.4.15.3}% 281
\BOOKMARK [3][-]{subsubsection.4.15.3.25}{\376\377\0004\000.\0001\0005\000.\0003\000.\0002\0005\000\040\000o\000p\000e\000r\000a\000t\000o\000r\000+\000=\000\050\000\051\000\040\000[\0002\000/\0002\000]}{subsection.4.15.3}% 282
\BOOKMARK [3][-]{subsubsection.4.15.3.26}{\376\377\0004\000.\0001\0005\000.\0003\000.\0002\0006\000\040\000o\000p\000e\000r\000a\000t\000o\000r\000-\000\050\000\051\000\040\000[\0001\000/\0003\000]}{subsection.4.15.3}% 283
\BOOKMARK [3][-]{subsubsection.4.15.3.27}{\376\377\0004\000.\0001\0005\000.\0003\000.\0002\0007\000\040\000o\000p\000e\000r\000a\000t\000o\000r\000-\000\050\000\051\000\040\000[\0002\000/\0003\000]}{subsection.4.15.3}% 284
\BOOKMARK [3][-]{subsubsection.4.15.3.28}{\376\377\0004\000.\0001\0005\000.\0003\000.\0002\0008\000\040\000o\000p\000e\000r\000a\000t\000o\000r\000-\000\050\000\051\000\040\000[\0003\000/\0003\000]}{subsection.4.15.3}% 285
\BOOKMARK [3][-]{subsubsection.4.15.3.29}{\376\377\0004\000.\0001\0005\000.\0003\000.\0002\0009\000\040\000o\000p\000e\000r\000a\000t\000o\000r\000-\000=\000\050\000\051\000\040\000[\0001\000/\0002\000]}{subsection.4.15.3}% 286
\BOOKMARK [3][-]{subsubsection.4.15.3.30}{\376\377\0004\000.\0001\0005\000.\0003\000.\0003\0000\000\040\000o\000p\000e\000r\000a\000t\000o\000r\000-\000=\000\050\000\051\000\040\000[\0002\000/\0002\000]}{subsection.4.15.3}% 287
\BOOKMARK [3][-]{subsubsection.4.15.3.31}{\376\377\0004\000.\0001\0005\000.\0003\000.\0003\0001\000\040\000o\000p\000e\000r\000a\000t\000o\000r\000/\000\050\000\051\000\040\000[\0001\000/\0002\000]}{subsection.4.15.3}% 288
\BOOKMARK [3][-]{subsubsection.4.15.3.32}{\376\377\0004\000.\0001\0005\000.\0003\000.\0003\0002\000\040\000o\000p\000e\000r\000a\000t\000o\000r\000/\000\050\000\051\000\040\000[\0002\000/\0002\000]}{subsection.4.15.3}% 289
\BOOKMARK [3][-]{subsubsection.4.15.3.33}{\376\377\0004\000.\0001\0005\000.\0003\000.\0003\0003\000\040\000o\000p\000e\000r\000a\000t\000o\000r\000/\000=\000\050\000\051\000\040\000[\0001\000/\0002\000]}{subsection.4.15.3}% 290
\BOOKMARK [3][-]{subsubsection.4.15.3.34}{\376\377\0004\000.\0001\0005\000.\0003\000.\0003\0004\000\040\000o\000p\000e\000r\000a\000t\000o\000r\000/\000=\000\050\000\051\000\040\000[\0002\000/\0002\000]}{subsection.4.15.3}% 291
\BOOKMARK [3][-]{subsubsection.4.15.3.35}{\376\377\0004\000.\0001\0005\000.\0003\000.\0003\0005\000\040\000o\000p\000e\000r\000a\000t\000o\000r\000<\000\050\000\051}{subsection.4.15.3}% 292
\BOOKMARK [3][-]{subsubsection.4.15.3.36}{\376\377\0004\000.\0001\0005\000.\0003\000.\0003\0006\000\040\000o\000p\000e\000r\000a\000t\000o\000r\000<\000<\000\050\000\051}{subsection.4.15.3}% 293
\BOOKMARK [3][-]{subsubsection.4.15.3.37}{\376\377\0004\000.\0001\0005\000.\0003\000.\0003\0007\000\040\000o\000p\000e\000r\000a\000t\000o\000r\000<\000=\000\050\000\051}{subsection.4.15.3}% 294
\BOOKMARK [3][-]{subsubsection.4.15.3.38}{\376\377\0004\000.\0001\0005\000.\0003\000.\0003\0008\000\040\000o\000p\000e\000r\000a\000t\000o\000r\000=\000\050\000\051\000\040\000[\0001\000/\0002\000]}{subsection.4.15.3}% 295
\BOOKMARK [3][-]{subsubsection.4.15.3.39}{\376\377\0004\000.\0001\0005\000.\0003\000.\0003\0009\000\040\000o\000p\000e\000r\000a\000t\000o\000r\000=\000\050\000\051\000\040\000[\0002\000/\0002\000]}{subsection.4.15.3}% 296
\BOOKMARK [3][-]{subsubsection.4.15.3.40}{\376\377\0004\000.\0001\0005\000.\0003\000.\0004\0000\000\040\000o\000p\000e\000r\000a\000t\000o\000r\000=\000=\000\050\000\051}{subsection.4.15.3}% 297
\BOOKMARK [3][-]{subsubsection.4.15.3.41}{\376\377\0004\000.\0001\0005\000.\0003\000.\0004\0001\000\040\000o\000p\000e\000r\000a\000t\000o\000r\000>\000\050\000\051}{subsection.4.15.3}% 298
\BOOKMARK [3][-]{subsubsection.4.15.3.42}{\376\377\0004\000.\0001\0005\000.\0003\000.\0004\0002\000\040\000o\000p\000e\000r\000a\000t\000o\000r\000>\000=\000\050\000\051}{subsection.4.15.3}% 299
\BOOKMARK [3][-]{subsubsection.4.15.3.43}{\376\377\0004\000.\0001\0005\000.\0003\000.\0004\0003\000\040\000p\000r\000o\000d\000u\000i\000t\000\050\000\051}{subsection.4.15.3}% 300
\BOOKMARK [3][-]{subsubsection.4.15.3.44}{\376\377\0004\000.\0001\0005\000.\0003\000.\0004\0004\000\040\000r\000e\000f\000l\000e\000c\000t\000\050\000\051}{subsection.4.15.3}% 301
\BOOKMARK [3][-]{subsubsection.4.15.3.45}{\376\377\0004\000.\0001\0005\000.\0003\000.\0004\0005\000\040\000r\000o\000t\000a\000t\000e\000X\000\050\000\051}{subsection.4.15.3}% 302
\BOOKMARK [3][-]{subsubsection.4.15.3.46}{\376\377\0004\000.\0001\0005\000.\0003\000.\0004\0006\000\040\000r\000o\000t\000a\000t\000e\000Y\000\050\000\051}{subsection.4.15.3}% 303
\BOOKMARK [3][-]{subsubsection.4.15.3.47}{\376\377\0004\000.\0001\0005\000.\0003\000.\0004\0007\000\040\000r\000o\000t\000a\000t\000e\000Z\000\050\000\051}{subsection.4.15.3}% 304
\BOOKMARK [3][-]{subsubsection.4.15.3.48}{\376\377\0004\000.\0001\0005\000.\0003\000.\0004\0008\000\040\000s\000e\000t\000V\000e\000c\000t\000o\000r\000\050\000\051}{subsection.4.15.3}% 305
\BOOKMARK [3][-]{subsubsection.4.15.3.49}{\376\377\0004\000.\0001\0005\000.\0003\000.\0004\0009\000\040\000s\000e\000t\000X\000\050\000\051}{subsection.4.15.3}% 306
\BOOKMARK [3][-]{subsubsection.4.15.3.50}{\376\377\0004\000.\0001\0005\000.\0003\000.\0005\0000\000\040\000s\000e\000t\000Y\000\050\000\051}{subsection.4.15.3}% 307
\BOOKMARK [3][-]{subsubsection.4.15.3.51}{\376\377\0004\000.\0001\0005\000.\0003\000.\0005\0001\000\040\000s\000e\000t\000Z\000\050\000\051}{subsection.4.15.3}% 308
\BOOKMARK [3][-]{subsubsection.4.15.3.52}{\376\377\0004\000.\0001\0005\000.\0003\000.\0005\0002\000\040\000s\000o\000m\000m\000e\000\050\000\051}{subsection.4.15.3}% 309
\BOOKMARK [3][-]{subsubsection.4.15.3.53}{\376\377\0004\000.\0001\0005\000.\0003\000.\0005\0003\000\040\000s\000q\000u\000a\000r\000e\000d\000L\000e\000n\000g\000t\000h\000\050\000\051}{subsection.4.15.3}% 310
\BOOKMARK [3][-]{subsubsection.4.15.3.54}{\376\377\0004\000.\0001\0005\000.\0003\000.\0005\0004\000\040\000s\000u\000b\000s\000t\000r\000a\000c\000t\000\050\000\051}{subsection.4.15.3}% 311
\BOOKMARK [3][-]{subsubsection.4.15.3.55}{\376\377\0004\000.\0001\0005\000.\0003\000.\0005\0005\000\040\000t\000r\000a\000n\000s\000l\000a\000t\000e\000\050\000\051}{subsection.4.15.3}% 312
\BOOKMARK [0][-]{section*.25}{\376\377\000I\000n\000d\000e\000x}{}% 313
